<?xml version="1.0" encoding="UTF-8"?>
<testsuite name="com.nosto.currencyconvertorapp.CurrencyConvertorAppApplicationTests" tests="1" skipped="0" failures="0" errors="0" timestamp="2022-05-11T16:44:15" hostname="Dumindus-MacBook-Air.local" time="0.218">
  <properties/>
  <testcase name="contextLoads()" classname="com.nosto.currencyconvertorapp.CurrencyConvertorAppApplicationTests" time="0.218"/>
  <system-out><![CDATA[22:14:10.427 [Test worker] DEBUG org.springframework.test.context.BootstrapUtils - Instantiating CacheAwareContextLoaderDelegate from class [org.springframework.test.context.cache.DefaultCacheAwareContextLoaderDelegate]
22:14:10.437 [Test worker] DEBUG org.springframework.test.context.BootstrapUtils - Instantiating BootstrapContext using constructor [public org.springframework.test.context.support.DefaultBootstrapContext(java.lang.Class,org.springframework.test.context.CacheAwareContextLoaderDelegate)]
22:14:10.481 [Test worker] DEBUG org.springframework.test.context.BootstrapUtils - Instantiating TestContextBootstrapper for test class [com.nosto.currencyconvertorapp.CurrencyConvertorAppApplicationTests] from class [org.springframework.boot.test.context.SpringBootTestContextBootstrapper]
22:14:10.497 [Test worker] INFO org.springframework.boot.test.context.SpringBootTestContextBootstrapper - Neither @ContextConfiguration nor @ContextHierarchy found for test class [com.nosto.currencyconvertorapp.CurrencyConvertorAppApplicationTests], using SpringBootContextLoader
22:14:10.509 [Test worker] DEBUG org.springframework.test.context.support.AbstractContextLoader - Did not detect default resource location for test class [com.nosto.currencyconvertorapp.CurrencyConvertorAppApplicationTests]: class path resource [com/nosto/currencyconvertorapp/CurrencyConvertorAppApplicationTests-context.xml] does not exist
22:14:10.509 [Test worker] DEBUG org.springframework.test.context.support.AbstractContextLoader - Did not detect default resource location for test class [com.nosto.currencyconvertorapp.CurrencyConvertorAppApplicationTests]: class path resource [com/nosto/currencyconvertorapp/CurrencyConvertorAppApplicationTestsContext.groovy] does not exist
22:14:10.509 [Test worker] INFO org.springframework.test.context.support.AbstractContextLoader - Could not detect default resource locations for test class [com.nosto.currencyconvertorapp.CurrencyConvertorAppApplicationTests]: no resource found for suffixes {-context.xml, Context.groovy}.
22:14:10.510 [Test worker] INFO org.springframework.test.context.support.AnnotationConfigContextLoaderUtils - Could not detect default configuration classes for test class [com.nosto.currencyconvertorapp.CurrencyConvertorAppApplicationTests]: CurrencyConvertorAppApplicationTests does not declare any static, non-private, non-final, nested classes annotated with @Configuration.
22:14:10.602 [Test worker] DEBUG org.springframework.test.context.support.ActiveProfilesUtils - Could not find an 'annotation declaring class' for annotation type [org.springframework.test.context.ActiveProfiles] and class [com.nosto.currencyconvertorapp.CurrencyConvertorAppApplicationTests]
22:14:10.694 [Test worker] DEBUG org.springframework.context.annotation.ClassPathScanningCandidateComponentProvider - Identified candidate component class: file [/Users/duminduyapa/IdeaProjects/currency-convertor-app/build/classes/java/main/com/nosto/currencyconvertorapp/CurrencyConvertorAppApplication.class]
22:14:10.696 [Test worker] INFO org.springframework.boot.test.context.SpringBootTestContextBootstrapper - Found @SpringBootConfiguration com.nosto.currencyconvertorapp.CurrencyConvertorAppApplication for test class com.nosto.currencyconvertorapp.CurrencyConvertorAppApplicationTests
22:14:10.781 [Test worker] DEBUG org.springframework.boot.test.context.SpringBootTestContextBootstrapper - @TestExecutionListeners is not present for class [com.nosto.currencyconvertorapp.CurrencyConvertorAppApplicationTests]: using defaults.
22:14:10.782 [Test worker] INFO org.springframework.boot.test.context.SpringBootTestContextBootstrapper - Loaded default TestExecutionListener class names from location [META-INF/spring.factories]: [org.springframework.boot.test.autoconfigure.restdocs.RestDocsTestExecutionListener, org.springframework.boot.test.autoconfigure.web.client.MockRestServiceServerResetTestExecutionListener, org.springframework.boot.test.autoconfigure.web.servlet.MockMvcPrintOnlyOnFailureTestExecutionListener, org.springframework.boot.test.autoconfigure.web.servlet.WebDriverTestExecutionListener, org.springframework.boot.test.autoconfigure.webservices.client.MockWebServiceServerTestExecutionListener, org.springframework.boot.test.mock.mockito.MockitoTestExecutionListener, org.springframework.boot.test.mock.mockito.ResetMocksTestExecutionListener, org.springframework.test.context.web.ServletTestExecutionListener, org.springframework.test.context.support.DirtiesContextBeforeModesTestExecutionListener, org.springframework.test.context.event.ApplicationEventsTestExecutionListener, org.springframework.test.context.support.DependencyInjectionTestExecutionListener, org.springframework.test.context.support.DirtiesContextTestExecutionListener, org.springframework.test.context.transaction.TransactionalTestExecutionListener, org.springframework.test.context.jdbc.SqlScriptsTestExecutionListener, org.springframework.test.context.event.EventPublishingTestExecutionListener]
22:14:10.791 [Test worker] DEBUG org.springframework.boot.test.context.SpringBootTestContextBootstrapper - Skipping candidate TestExecutionListener [org.springframework.test.context.transaction.TransactionalTestExecutionListener] due to a missing dependency. Specify custom listener classes or make the default listener classes and their required dependencies available. Offending class: [org/springframework/transaction/TransactionDefinition]
22:14:10.791 [Test worker] DEBUG org.springframework.boot.test.context.SpringBootTestContextBootstrapper - Skipping candidate TestExecutionListener [org.springframework.test.context.jdbc.SqlScriptsTestExecutionListener] due to a missing dependency. Specify custom listener classes or make the default listener classes and their required dependencies available. Offending class: [org/springframework/transaction/interceptor/TransactionAttribute]
22:14:10.792 [Test worker] INFO org.springframework.boot.test.context.SpringBootTestContextBootstrapper - Using TestExecutionListeners: [org.springframework.test.context.web.ServletTestExecutionListener@6581dc0a, org.springframework.test.context.support.DirtiesContextBeforeModesTestExecutionListener@39de3d36, org.springframework.test.context.event.ApplicationEventsTestExecutionListener@6ce86ce1, org.springframework.boot.test.mock.mockito.MockitoTestExecutionListener@54e7df6a, org.springframework.boot.test.autoconfigure.SpringBootDependencyInjectionTestExecutionListener@3fed2870, org.springframework.test.context.support.DirtiesContextTestExecutionListener@77128536, org.springframework.test.context.event.EventPublishingTestExecutionListener@58326051, org.springframework.boot.test.autoconfigure.restdocs.RestDocsTestExecutionListener@32c4e8b2, org.springframework.boot.test.autoconfigure.web.client.MockRestServiceServerResetTestExecutionListener@64bce832, org.springframework.boot.test.autoconfigure.web.servlet.MockMvcPrintOnlyOnFailureTestExecutionListener@764faa6, org.springframework.boot.test.autoconfigure.web.servlet.WebDriverTestExecutionListener@4c1f22f3, org.springframework.boot.test.autoconfigure.webservices.client.MockWebServiceServerTestExecutionListener@598bd2ba, org.springframework.boot.test.mock.mockito.ResetMocksTestExecutionListener@5a755cc1]
22:14:10.796 [Test worker] DEBUG org.springframework.test.context.support.AbstractDirtiesContextTestExecutionListener - Before test class: context [DefaultTestContext@524f3b3a testClass = CurrencyConvertorAppApplicationTests, testInstance = [null], testMethod = [null], testException = [null], mergedContextConfiguration = [WebMergedContextConfiguration@41e68d87 testClass = CurrencyConvertorAppApplicationTests, locations = '{}', classes = '{class com.nosto.currencyconvertorapp.CurrencyConvertorAppApplication}', contextInitializerClasses = '[]', activeProfiles = '{}', propertySourceLocations = '{}', propertySourceProperties = '{org.springframework.boot.test.context.SpringBootTestContextBootstrapper=true}', contextCustomizers = set[org.springframework.boot.test.autoconfigure.actuate.metrics.MetricsExportContextCustomizerFactory$DisableMetricExportContextCustomizer@8519cb4, org.springframework.boot.test.autoconfigure.properties.PropertyMappingContextCustomizer@0, org.springframework.boot.test.autoconfigure.web.servlet.WebDriverContextCustomizerFactory$Customizer@4681c175, org.springframework.boot.test.context.filter.ExcludeFilterContextCustomizer@710c2b53, org.springframework.boot.test.json.DuplicateJsonObjectContextCustomizerFactory$DuplicateJsonObjectContextCustomizer@cecf639, org.springframework.boot.test.mock.mockito.MockitoContextCustomizer@0, org.springframework.boot.test.web.client.TestRestTemplateContextCustomizer@1033576a, org.springframework.boot.test.context.SpringBootTestArgs@1, org.springframework.boot.test.context.SpringBootTestWebEnvironment@78e94dcf], resourceBasePath = 'src/main/webapp', contextLoader = 'org.springframework.boot.test.context.SpringBootContextLoader', parent = [null]], attributes = map['org.springframework.test.context.web.ServletTestExecutionListener.activateListener' -> true]], class annotated with @DirtiesContext [false] with mode [null].

  .   ____          _            __ _ _
 /\\ / ___'_ __ _ _(_)_ __  __ _ \ \ \ \
( ( )\___ | '_ | '_| | '_ \/ _` | \ \ \ \
 \\/  ___)| |_)| | | | | || (_| |  ) ) ) )
  '  |____| .__|_| |_|_| |_\__, | / / / /
 =========|_|==============|___/=/_/_/_/
 :: Spring Boot ::                (v2.6.7)

2022-05-11 22:14:11.427  INFO 23472 --- [    Test worker] n.c.CurrencyConvertorAppApplicationTests : Starting CurrencyConvertorAppApplicationTests using Java 1.8.0_301 on Dumindus-MacBook-Air.local with PID 23472 (started by duminduyapa in /Users/duminduyapa/IdeaProjects/currency-convertor-app)
2022-05-11 22:14:11.431  INFO 23472 --- [    Test worker] n.c.CurrencyConvertorAppApplicationTests : No active profile set, falling back to 1 default profile: "default"
2022-05-11 22:14:15.547  INFO 23472 --- [    Test worker] n.c.CurrencyConvertorAppApplicationTests : Started CurrencyConvertorAppApplicationTests in 4.716 seconds (JVM running for 6.149)
]]></system-out>
  <system-err><![CDATA[]]></system-err>
</testsuite>
