<?xml version="1.0" encoding="UTF-8"?>
<testsuite name="com.nosto.currencyconvertorapp.controller.CurrencyConvertorControllerTest" tests="2" skipped="0" failures="0" errors="0" timestamp="2022-05-11T16:44:15" hostname="Dumindus-MacBook-Air.local" time="0.214">
  <properties/>
  <testcase name="testConvertCurrency()" classname="com.nosto.currencyconvertorapp.controller.CurrencyConvertorControllerTest" time="0.211"/>
  <testcase name="testGetCurrencies()" classname="com.nosto.currencyconvertorapp.controller.CurrencyConvertorControllerTest" time="0.002"/>
  <system-out><![CDATA[2022-05-11 22:14:16.035  INFO 23472 --- [    Test worker] c.n.c.c.CurrencyConvertorController      : Convert Currency : From : null  To : null  Amount : null
2022-05-11 22:14:16.045  INFO 23472 --- [    Test worker] c.n.c.c.CurrencyConvertorController      : List Currencies
]]></system-out>
  <system-err><![CDATA[]]></system-err>
</testsuite>
