<?xml version="1.0" encoding="UTF-8"?>
<testsuite name="com.nosto.currencyconvertorapp.serviceImpl.CurrencyConvertorServiceImplTest" tests="2" skipped="0" failures="0" errors="0" timestamp="2022-05-12T18:05:55" hostname="Dumindus-MacBook-Air.local" time="1.385">
  <properties/>
  <testcase name="testConvertCurrency()" classname="com.nosto.currencyconvertorapp.serviceImpl.CurrencyConvertorServiceImplTest" time="1.369"/>
  <testcase name="testListCurrency()" classname="com.nosto.currencyconvertorapp.serviceImpl.CurrencyConvertorServiceImplTest" time="0.01"/>
  <system-out><![CDATA[23:35:56.975 [Test worker] DEBUG org.springframework.test.util.ReflectionTestUtils - Setting field 'apiKey' of type [null] on target object [com.nosto.currencyconvertorapp.serviceImpl.CurrencyConvertorServiceImpl@333cb916] or target class [class com.nosto.currencyconvertorapp.serviceImpl.CurrencyConvertorServiceImpl] to value [t8npDqK4jposiI6OWdZO7m8ynwpc6MOZ]
23:35:56.977 [Test worker] DEBUG org.springframework.test.util.ReflectionTestUtils - Setting field 'convertURL' of type [null] on target object [com.nosto.currencyconvertorapp.serviceImpl.CurrencyConvertorServiceImpl@333cb916] or target class [class com.nosto.currencyconvertorapp.serviceImpl.CurrencyConvertorServiceImpl] to value [https://api.apilayer.com/currency_data/live]
23:35:56.978 [Test worker] DEBUG org.springframework.test.util.ReflectionTestUtils - Setting field 'listURL' of type [null] on target object [com.nosto.currencyconvertorapp.serviceImpl.CurrencyConvertorServiceImpl@333cb916] or target class [class com.nosto.currencyconvertorapp.serviceImpl.CurrencyConvertorServiceImpl] to value [https://api.apilayer.com/currency_data/list]
23:35:57.123 [Test worker] ERROR com.nosto.currencyconvertorapp.serviceImpl.CurrencyConvertorServiceImpl - null
23:35:57.139 [Test worker] DEBUG org.springframework.test.util.ReflectionTestUtils - Setting field 'apiKey' of type [null] on target object [com.nosto.currencyconvertorapp.serviceImpl.CurrencyConvertorServiceImpl@2a32fb6] or target class [class com.nosto.currencyconvertorapp.serviceImpl.CurrencyConvertorServiceImpl] to value [t8npDqK4jposiI6OWdZO7m8ynwpc6MOZ]
23:35:57.140 [Test worker] DEBUG org.springframework.test.util.ReflectionTestUtils - Setting field 'convertURL' of type [null] on target object [com.nosto.currencyconvertorapp.serviceImpl.CurrencyConvertorServiceImpl@2a32fb6] or target class [class com.nosto.currencyconvertorapp.serviceImpl.CurrencyConvertorServiceImpl] to value [https://api.apilayer.com/currency_data/live]
23:35:57.140 [Test worker] DEBUG org.springframework.test.util.ReflectionTestUtils - Setting field 'listURL' of type [null] on target object [com.nosto.currencyconvertorapp.serviceImpl.CurrencyConvertorServiceImpl@2a32fb6] or target class [class com.nosto.currencyconvertorapp.serviceImpl.CurrencyConvertorServiceImpl] to value [https://api.apilayer.com/currency_data/list]
23:35:57.145 [Test worker] ERROR com.nosto.currencyconvertorapp.serviceImpl.CurrencyConvertorServiceImpl - null
]]></system-out>
  <system-err><![CDATA[]]></system-err>
</testsuite>
