<?xml version="1.0" encoding="UTF-8"?>
<testsuite name="com.nosto.currencyconvertorapp.serviceImpl.CurrencyConvertorServiceImplTest" tests="2" skipped="0" failures="0" errors="0" timestamp="2022-05-11T18:43:32" hostname="Dumindus-MacBook-Air.local" time="1.109">
  <properties/>
  <testcase name="testConvertCurrency()" classname="com.nosto.currencyconvertorapp.serviceImpl.CurrencyConvertorServiceImplTest" time="1.097"/>
  <testcase name="testListCurrency()" classname="com.nosto.currencyconvertorapp.serviceImpl.CurrencyConvertorServiceImplTest" time="0.008"/>
  <system-out><![CDATA[2022-05-12 00:13:33.462 ERROR 26777 --- [    Test worker] c.n.c.s.CurrencyConvertorServiceImpl     : null
2022-05-12 00:13:33.478 ERROR 26777 --- [    Test worker] c.n.c.s.CurrencyConvertorServiceImpl     : null
]]></system-out>
  <system-err><![CDATA[]]></system-err>
</testsuite>
